{"C:\\Users\\i_rus\\Desktop\\AWS-REGULAR-EXAM\\lib\\aws-regular-exam-stack.ts": {"path":"C:\\Users\\i_rus\\Desktop\\AWS-REGULAR-EXAM\\lib\\aws-regular-exam-stack.ts","statementMap":{"0":{"start":{"line":1,"column":0},"end":{"line":1,"column":35}},"1":{"start":{"line":3,"column":0},"end":{"line":3,"column":70}},"2":{"start":{"line":4,"column":0},"end":{"line":4,"column":29}},"3":{"start":{"line":5,"column":0},"end":{"line":5,"column":61}},"4":{"start":{"line":6,"column":0},"end":{"line":6,"column":65}},"5":{"start":{"line":7,"column":0},"end":{"line":7,"column":78}},"6":{"start":{"line":8,"column":0},"end":{"line":8,"column":91}},"7":{"start":{"line":9,"column":0},"end":{"line":9,"column":71}},"8":{"start":{"line":13,"column":8},"end":{"line":13,"column":32}},"9":{"start":{"line":15,"column":22},"end":{"line":15,"column":46}},"10":{"start":{"line":17,"column":8},"end":{"line":21,"column":11}},"11":{"start":{"line":23,"column":22},"end":{"line":35,"column":10}},"12":{"start":{"line":37,"column":22},"end":{"line":45,"column":10}},"13":{"start":{"line":47,"column":8},"end":{"line":47,"column":34}},"14":{"start":{"line":48,"column":8},"end":{"line":48,"column":null}},"15":{"start":{"line":50,"column":27},"end":{"line":60,"column":10}},"16":{"start":{"line":62,"column":8},"end":{"line":62,"column":45}},"17":{"start":{"line":63,"column":8},"end":{"line":63,"column":39}},"18":{"start":{"line":65,"column":8},"end":{"line":67,"column":12}},"19":{"start":{"line":69,"column":20},"end":{"line":69,"column":44}},"20":{"start":{"line":70,"column":25},"end":{"line":70,"column":54}},"21":{"start":{"line":71,"column":8},"end":{"line":71,"column":80}},"22":{"start":{"line":11,"column":0},"end":{"line":11,"column":13}}},"fnMap":{"0":{"name":"(anonymous_7)","decl":{"start":{"line":12,"column":4},"end":{"line":12,"column":16}},"loc":{"start":{"line":12,"column":68},"end":{"line":73,"column":5}}}},"branchMap":{},"s":{"0":1,"1":1,"2":1,"3":1,"4":1,"5":1,"6":1,"7":1,"8":1,"9":1,"10":1,"11":1,"12":1,"13":1,"14":1,"15":1,"16":1,"17":1,"18":1,"19":1,"20":1,"21":1,"22":1},"f":{"0":1},"b":{}}
}
