{"C:\\Users\\i_rus\\Desktop\\AWS-REGULAR-EXAM\\lib\\aws-regular-exam-stack.ts": {"path":"C:\\Users\\i_rus\\Desktop\\AWS-REGULAR-EXAM\\lib\\aws-regular-exam-stack.ts","statementMap":{"0":{"start":{"line":1,"column":0},"end":{"line":1,"column":35}},"1":{"start":{"line":2,"column":0},"end":{"line":2,"column":36}},"2":{"start":{"line":4,"column":0},"end":{"line":4,"column":70}},"3":{"start":{"line":5,"column":0},"end":{"line":5,"column":29}},"4":{"start":{"line":6,"column":0},"end":{"line":6,"column":61}},"5":{"start":{"line":7,"column":0},"end":{"line":7,"column":47}},"6":{"start":{"line":8,"column":0},"end":{"line":8,"column":78}},"7":{"start":{"line":9,"column":0},"end":{"line":9,"column":75}},"8":{"start":{"line":13,"column":8},"end":{"line":13,"column":32}},"9":{"start":{"line":15,"column":26},"end":{"line":23,"column":10}},"10":{"start":{"line":25,"column":22},"end":{"line":25,"column":46}},"11":{"start":{"line":27,"column":8},"end":{"line":31,"column":11}},"12":{"start":{"line":33,"column":22},"end":{"line":43,"column":10}},"13":{"start":{"line":45,"column":27},"end":{"line":55,"column":10}},"14":{"start":{"line":57,"column":8},"end":{"line":57,"column":45}},"15":{"start":{"line":58,"column":8},"end":{"line":58,"column":39}},"16":{"start":{"line":60,"column":22},"end":{"line":71,"column":10}},"17":{"start":{"line":73,"column":8},"end":{"line":73,"column":34}},"18":{"start":{"line":74,"column":8},"end":{"line":74,"column":null}},"19":{"start":{"line":76,"column":20},"end":{"line":78,"column":75}},"20":{"start":{"line":11,"column":0},"end":{"line":11,"column":13}}},"fnMap":{"0":{"name":"(anonymous_7)","decl":{"start":{"line":12,"column":4},"end":{"line":12,"column":16}},"loc":{"start":{"line":12,"column":68},"end":{"line":79,"column":5}}}},"branchMap":{},"s":{"0":1,"1":1,"2":1,"3":1,"4":1,"5":1,"6":1,"7":1,"8":1,"9":1,"10":1,"11":1,"12":1,"13":1,"14":1,"15":1,"16":1,"17":1,"18":1,"19":1,"20":1},"f":{"0":1},"b":{}}
}
